Analysis & Synthesis report for regfile
Thu Dec 02 08:14:16 2021
Quartus Prime Version 20.1.1 Build 720 11/11/2020 SJ Standard Edition


---------------------
; Table of Contents ;
---------------------
  1. Legal Notice
  2. Analysis & Synthesis Summary
  3. Analysis & Synthesis Settings
  4. Parallel Compilation
  5. Analysis & Synthesis Source Files Read
  6. Analysis & Synthesis Resource Usage Summary
  7. Analysis & Synthesis Resource Utilization by Entity
  8. General Register Statistics
  9. Multiplexer Restructuring Statistics (Restructuring Performed)
 10. Parameter Settings for User Entity Instance: mux8to1:inst9|BUSMUX:inst9
 11. Parameter Settings for User Entity Instance: mux8to1:inst9|BUSMUX:inst8
 12. Parameter Settings for User Entity Instance: mux8to1:inst9|BUSMUX:inst6
 13. Parameter Settings for User Entity Instance: mux8to1:inst9|BUSMUX:inst5
 14. Parameter Settings for User Entity Instance: mux8to1:inst9|BUSMUX:inst7
 15. Parameter Settings for User Entity Instance: mux8to1:inst9|BUSMUX:inst4
 16. Parameter Settings for User Entity Instance: mux8to1:inst9|BUSMUX:inst
 17. Parameter Settings for User Entity Instance: reg4b:inst7|register:inst3|BUSMUX:inst3
 18. Parameter Settings for User Entity Instance: reg4b:inst7|register:inst2|BUSMUX:inst3
 19. Parameter Settings for User Entity Instance: reg4b:inst7|register:inst1|BUSMUX:inst3
 20. Parameter Settings for User Entity Instance: reg4b:inst7|register:inst|BUSMUX:inst3
 21. Parameter Settings for User Entity Instance: reg4b:inst6|register:inst3|BUSMUX:inst3
 22. Parameter Settings for User Entity Instance: reg4b:inst6|register:inst2|BUSMUX:inst3
 23. Parameter Settings for User Entity Instance: reg4b:inst6|register:inst1|BUSMUX:inst3
 24. Parameter Settings for User Entity Instance: reg4b:inst6|register:inst|BUSMUX:inst3
 25. Parameter Settings for User Entity Instance: reg4b:inst5|register:inst3|BUSMUX:inst3
 26. Parameter Settings for User Entity Instance: reg4b:inst5|register:inst2|BUSMUX:inst3
 27. Parameter Settings for User Entity Instance: reg4b:inst5|register:inst1|BUSMUX:inst3
 28. Parameter Settings for User Entity Instance: reg4b:inst5|register:inst|BUSMUX:inst3
 29. Parameter Settings for User Entity Instance: reg4b:inst4|register:inst3|BUSMUX:inst3
 30. Parameter Settings for User Entity Instance: reg4b:inst4|register:inst2|BUSMUX:inst3
 31. Parameter Settings for User Entity Instance: reg4b:inst4|register:inst1|BUSMUX:inst3
 32. Parameter Settings for User Entity Instance: reg4b:inst4|register:inst|BUSMUX:inst3
 33. Parameter Settings for User Entity Instance: reg4b:inst3|register:inst3|BUSMUX:inst3
 34. Parameter Settings for User Entity Instance: reg4b:inst3|register:inst2|BUSMUX:inst3
 35. Parameter Settings for User Entity Instance: reg4b:inst3|register:inst1|BUSMUX:inst3
 36. Parameter Settings for User Entity Instance: reg4b:inst3|register:inst|BUSMUX:inst3
 37. Parameter Settings for User Entity Instance: reg4b:inst2|register:inst3|BUSMUX:inst3
 38. Parameter Settings for User Entity Instance: reg4b:inst2|register:inst2|BUSMUX:inst3
 39. Parameter Settings for User Entity Instance: reg4b:inst2|register:inst1|BUSMUX:inst3
 40. Parameter Settings for User Entity Instance: reg4b:inst2|register:inst|BUSMUX:inst3
 41. Parameter Settings for User Entity Instance: reg4b:inst1|register:inst3|BUSMUX:inst3
 42. Parameter Settings for User Entity Instance: reg4b:inst1|register:inst2|BUSMUX:inst3
 43. Parameter Settings for User Entity Instance: reg4b:inst1|register:inst1|BUSMUX:inst3
 44. Parameter Settings for User Entity Instance: reg4b:inst1|register:inst|BUSMUX:inst3
 45. Parameter Settings for User Entity Instance: reg4b:inst|register:inst3|BUSMUX:inst3
 46. Parameter Settings for User Entity Instance: reg4b:inst|register:inst2|BUSMUX:inst3
 47. Parameter Settings for User Entity Instance: reg4b:inst|register:inst1|BUSMUX:inst3
 48. Parameter Settings for User Entity Instance: reg4b:inst|register:inst|BUSMUX:inst3
 49. Parameter Settings for User Entity Instance: mux8to1:inst10|BUSMUX:inst9
 50. Parameter Settings for User Entity Instance: mux8to1:inst10|BUSMUX:inst8
 51. Parameter Settings for User Entity Instance: mux8to1:inst10|BUSMUX:inst6
 52. Parameter Settings for User Entity Instance: mux8to1:inst10|BUSMUX:inst5
 53. Parameter Settings for User Entity Instance: mux8to1:inst10|BUSMUX:inst7
 54. Parameter Settings for User Entity Instance: mux8to1:inst10|BUSMUX:inst4
 55. Parameter Settings for User Entity Instance: mux8to1:inst10|BUSMUX:inst
 56. Post-Synthesis Netlist Statistics for Top Partition
 57. Elapsed Time Per Partition
 58. Analysis & Synthesis Messages



----------------
; Legal Notice ;
----------------
Copyright (C) 2020  Intel Corporation. All rights reserved.
Your use of Intel Corporation's design tools, logic functions 
and other software and tools, and any partner logic 
functions, and any output files from any of the foregoing 
(including device programming or simulation files), and any 
associated documentation or information are expressly subject 
to the terms and conditions of the Intel Program License 
Subscription Agreement, the Intel Quartus Prime License Agreement,
the Intel FPGA IP License Agreement, or other applicable license
agreement, including, without limitation, that your use is for
the sole purpose of programming logic devices manufactured by
Intel and sold by Intel or its authorized distributors.  Please
refer to the applicable agreement for further details, at
https://fpgasoftware.intel.com/eula.



+--------------------------------------------------------------------------------------+
; Analysis & Synthesis Summary                                                         ;
+------------------------------------+-------------------------------------------------+
; Analysis & Synthesis Status        ; Successful - Thu Dec 02 08:14:16 2021           ;
; Quartus Prime Version              ; 20.1.1 Build 720 11/11/2020 SJ Standard Edition ;
; Revision Name                      ; regfile                                         ;
; Top-level Entity Name              ; regfile                                         ;
; Family                             ; Cyclone IV E                                    ;
; Total logic elements               ; 80                                              ;
;     Total combinational functions  ; 48                                              ;
;     Dedicated logic registers      ; 32                                              ;
; Total registers                    ; 32                                              ;
; Total pins                         ; 24                                              ;
; Total virtual pins                 ; 0                                               ;
; Total memory bits                  ; 0                                               ;
; Embedded Multiplier 9-bit elements ; 0                                               ;
; Total PLLs                         ; 0                                               ;
+------------------------------------+-------------------------------------------------+


+------------------------------------------------------------------------------------------------------------+
; Analysis & Synthesis Settings                                                                              ;
+------------------------------------------------------------------+--------------------+--------------------+
; Option                                                           ; Setting            ; Default Value      ;
+------------------------------------------------------------------+--------------------+--------------------+
; Device                                                           ; EP4CE115F29C7      ;                    ;
; Top-level entity name                                            ; regfile            ; regfile            ;
; Family name                                                      ; Cyclone IV E       ; Cyclone V          ;
; Use smart compilation                                            ; Off                ; Off                ;
; Enable parallel Assembler and Timing Analyzer during compilation ; On                 ; On                 ;
; Enable compact report table                                      ; Off                ; Off                ;
; Restructure Multiplexers                                         ; Auto               ; Auto               ;
; Create Debugging Nodes for IP Cores                              ; Off                ; Off                ;
; Preserve fewer node names                                        ; On                 ; On                 ;
; Intel FPGA IP Evaluation Mode                                    ; Enable             ; Enable             ;
; Verilog Version                                                  ; Verilog_2001       ; Verilog_2001       ;
; VHDL Version                                                     ; VHDL_1993          ; VHDL_1993          ;
; State Machine Processing                                         ; Auto               ; Auto               ;
; Safe State Machine                                               ; Off                ; Off                ;
; Extract Verilog State Machines                                   ; On                 ; On                 ;
; Extract VHDL State Machines                                      ; On                 ; On                 ;
; Ignore Verilog initial constructs                                ; Off                ; Off                ;
; Iteration limit for constant Verilog loops                       ; 5000               ; 5000               ;
; Iteration limit for non-constant Verilog loops                   ; 250                ; 250                ;
; Add Pass-Through Logic to Inferred RAMs                          ; On                 ; On                 ;
; Infer RAMs from Raw Logic                                        ; On                 ; On                 ;
; Parallel Synthesis                                               ; On                 ; On                 ;
; DSP Block Balancing                                              ; Auto               ; Auto               ;
; NOT Gate Push-Back                                               ; On                 ; On                 ;
; Power-Up Don't Care                                              ; On                 ; On                 ;
; Remove Redundant Logic Cells                                     ; Off                ; Off                ;
; Remove Duplicate Registers                                       ; On                 ; On                 ;
; Ignore CARRY Buffers                                             ; Off                ; Off                ;
; Ignore CASCADE Buffers                                           ; Off                ; Off                ;
; Ignore GLOBAL Buffers                                            ; Off                ; Off                ;
; Ignore ROW GLOBAL Buffers                                        ; Off                ; Off                ;
; Ignore LCELL Buffers                                             ; Off                ; Off                ;
; Ignore SOFT Buffers                                              ; On                 ; On                 ;
; Limit AHDL Integers to 32 Bits                                   ; Off                ; Off                ;
; Optimization Technique                                           ; Balanced           ; Balanced           ;
; Carry Chain Length                                               ; 70                 ; 70                 ;
; Auto Carry Chains                                                ; On                 ; On                 ;
; Auto Open-Drain Pins                                             ; On                 ; On                 ;
; Perform WYSIWYG Primitive Resynthesis                            ; Off                ; Off                ;
; Auto ROM Replacement                                             ; On                 ; On                 ;
; Auto RAM Replacement                                             ; On                 ; On                 ;
; Auto DSP Block Replacement                                       ; On                 ; On                 ;
; Auto Shift Register Replacement                                  ; Auto               ; Auto               ;
; Allow Shift Register Merging across Hierarchies                  ; Auto               ; Auto               ;
; Auto Clock Enable Replacement                                    ; On                 ; On                 ;
; Strict RAM Replacement                                           ; Off                ; Off                ;
; Allow Synchronous Control Signals                                ; On                 ; On                 ;
; Force Use of Synchronous Clear Signals                           ; Off                ; Off                ;
; Auto RAM Block Balancing                                         ; On                 ; On                 ;
; Auto RAM to Logic Cell Conversion                                ; Off                ; Off                ;
; Auto Resource Sharing                                            ; Off                ; Off                ;
; Allow Any RAM Size For Recognition                               ; Off                ; Off                ;
; Allow Any ROM Size For Recognition                               ; Off                ; Off                ;
; Allow Any Shift Register Size For Recognition                    ; Off                ; Off                ;
; Use LogicLock Constraints during Resource Balancing              ; On                 ; On                 ;
; Ignore translate_off and synthesis_off directives                ; Off                ; Off                ;
; Timing-Driven Synthesis                                          ; On                 ; On                 ;
; Report Parameter Settings                                        ; On                 ; On                 ;
; Report Source Assignments                                        ; On                 ; On                 ;
; Report Connectivity Checks                                       ; On                 ; On                 ;
; Ignore Maximum Fan-Out Assignments                               ; Off                ; Off                ;
; Synchronization Register Chain Length                            ; 2                  ; 2                  ;
; Power Optimization During Synthesis                              ; Normal compilation ; Normal compilation ;
; HDL message level                                                ; Level2             ; Level2             ;
; Suppress Register Optimization Related Messages                  ; Off                ; Off                ;
; Number of Removed Registers Reported in Synthesis Report         ; 5000               ; 5000               ;
; Number of Swept Nodes Reported in Synthesis Report               ; 5000               ; 5000               ;
; Number of Inverted Registers Reported in Synthesis Report        ; 100                ; 100                ;
; Clock MUX Protection                                             ; On                 ; On                 ;
; Auto Gated Clock Conversion                                      ; Off                ; Off                ;
; Block Design Naming                                              ; Auto               ; Auto               ;
; SDC constraint protection                                        ; Off                ; Off                ;
; Synthesis Effort                                                 ; Auto               ; Auto               ;
; Shift Register Replacement - Allow Asynchronous Clear Signal     ; On                 ; On                 ;
; Pre-Mapping Resynthesis Optimization                             ; Off                ; Off                ;
; Analysis & Synthesis Message Level                               ; Medium             ; Medium             ;
; Disable Register Merging Across Hierarchies                      ; Auto               ; Auto               ;
; Resource Aware Inference For Block RAM                           ; On                 ; On                 ;
+------------------------------------------------------------------+--------------------+--------------------+


+------------------------------------------+
; Parallel Compilation                     ;
+----------------------------+-------------+
; Processors                 ; Number      ;
+----------------------------+-------------+
; Number detected on machine ; 16          ;
; Maximum allowed            ; 8           ;
;                            ;             ;
; Average used               ; 1.00        ;
; Maximum used               ; 1           ;
;                            ;             ;
; Usage by Processor         ; % Time Used ;
;     Processor 1            ; 100.0%      ;
+----------------------------+-------------+


+----------------------------------------------------------------------------------------------------------------------------------------------------------------------------+
; Analysis & Synthesis Source Files Read                                                                                                                                     ;
+----------------------------------+-----------------+------------------------------------------+------------------------------------------------------------------+---------+
; File Name with User-Entered Path ; Used in Netlist ; File Type                                ; File Name with Absolute Path                                     ; Library ;
+----------------------------------+-----------------+------------------------------------------+------------------------------------------------------------------+---------+
; regfile.bdf                      ; yes             ; User Block Diagram/Schematic File        ; U:/CPRE281/lab12/lab12step3/regfile.bdf                          ;         ;
; mux8to1.bdf                      ; yes             ; Auto-Found Block Diagram/Schematic File  ; U:/CPRE281/lab12/lab12step3/mux8to1.bdf                          ;         ;
; busmux.tdf                       ; yes             ; Megafunction                             ; c:/intelfpga/20.1/quartus/libraries/megafunctions/busmux.tdf     ;         ;
; lpm_mux.inc                      ; yes             ; Megafunction                             ; c:/intelfpga/20.1/quartus/libraries/megafunctions/lpm_mux.inc    ;         ;
; lpm_mux.tdf                      ; yes             ; Megafunction                             ; c:/intelfpga/20.1/quartus/libraries/megafunctions/lpm_mux.tdf    ;         ;
; aglobal201.inc                   ; yes             ; Megafunction                             ; c:/intelfpga/20.1/quartus/libraries/megafunctions/aglobal201.inc ;         ;
; muxlut.inc                       ; yes             ; Megafunction                             ; c:/intelfpga/20.1/quartus/libraries/megafunctions/muxlut.inc     ;         ;
; bypassff.inc                     ; yes             ; Megafunction                             ; c:/intelfpga/20.1/quartus/libraries/megafunctions/bypassff.inc   ;         ;
; altshift.inc                     ; yes             ; Megafunction                             ; c:/intelfpga/20.1/quartus/libraries/megafunctions/altshift.inc   ;         ;
; db/mux_arc.tdf                   ; yes             ; Auto-Generated Megafunction              ; U:/CPRE281/lab12/lab12step3/db/mux_arc.tdf                       ;         ;
; reg4b.bdf                        ; yes             ; Auto-Found Block Diagram/Schematic File  ; U:/CPRE281/lab12/lab12step3/reg4b.bdf                            ;         ;
; register.bdf                     ; yes             ; Auto-Found Block Diagram/Schematic File  ; U:/CPRE281/lab12/lab12step3/register.bdf                         ;         ;
; db/mux_7rc.tdf                   ; yes             ; Auto-Generated Megafunction              ; U:/CPRE281/lab12/lab12step3/db/mux_7rc.tdf                       ;         ;
; dec3to8.bdf                      ; yes             ; Auto-Found Block Diagram/Schematic File  ; U:/CPRE281/lab12/lab12step3/dec3to8.bdf                          ;         ;
+----------------------------------+-----------------+------------------------------------------+------------------------------------------------------------------+---------+


+-----------------------------------------------------------+
; Analysis & Synthesis Resource Usage Summary               ;
+---------------------------------------------+-------------+
; Resource                                    ; Usage       ;
+---------------------------------------------+-------------+
; Estimated Total logic elements              ; 80          ;
;                                             ;             ;
; Total combinational functions               ; 48          ;
; Logic element usage by number of LUT inputs ;             ;
;     -- 4 input functions                    ; 40          ;
;     -- 3 input functions                    ; 8           ;
;     -- <=2 input functions                  ; 0           ;
;                                             ;             ;
; Logic elements by mode                      ;             ;
;     -- normal mode                          ; 48          ;
;     -- arithmetic mode                      ; 0           ;
;                                             ;             ;
; Total registers                             ; 32          ;
;     -- Dedicated logic registers            ; 32          ;
;     -- I/O registers                        ; 0           ;
;                                             ;             ;
; I/O pins                                    ; 24          ;
;                                             ;             ;
; Embedded Multiplier 9-bit elements          ; 0           ;
;                                             ;             ;
; Maximum fan-out node                        ; Clock~input ;
; Maximum fan-out                             ; 32          ;
; Total fan-out                               ; 344         ;
; Average fan-out                             ; 2.69        ;
+---------------------------------------------+-------------+


+---------------------------------------------------------------------------------------------------------------------------------------------------------------------------------------------------------------------------------------------------------------------------+
; Analysis & Synthesis Resource Utilization by Entity                                                                                                                                                                                                                       ;
+--------------------------------------+---------------------+---------------------------+-------------+--------------+---------+-----------+------+--------------+----------------------------------------------------------------------------+-------------+--------------+
; Compilation Hierarchy Node           ; Combinational ALUTs ; Dedicated Logic Registers ; Memory Bits ; DSP Elements ; DSP 9x9 ; DSP 18x18 ; Pins ; Virtual Pins ; Full Hierarchy Name                                                        ; Entity Name ; Library Name ;
+--------------------------------------+---------------------+---------------------------+-------------+--------------+---------+-----------+------+--------------+----------------------------------------------------------------------------+-------------+--------------+
; |regfile                             ; 48 (0)              ; 32 (0)                    ; 0           ; 0            ; 0       ; 0         ; 24   ; 0            ; |regfile                                                                   ; regfile     ; work         ;
;    |dec3to8:inst8|                   ; 8 (8)               ; 0 (0)                     ; 0           ; 0            ; 0       ; 0         ; 0    ; 0            ; |regfile|dec3to8:inst8                                                     ; dec3to8     ; work         ;
;    |mux8to1:inst10|                  ; 20 (0)              ; 0 (0)                     ; 0           ; 0            ; 0       ; 0         ; 0    ; 0            ; |regfile|mux8to1:inst10                                                    ; mux8to1     ; work         ;
;       |busmux:inst9|                 ; 20 (0)              ; 0 (0)                     ; 0           ; 0            ; 0       ; 0         ; 0    ; 0            ; |regfile|mux8to1:inst10|busmux:inst9                                       ; busmux      ; work         ;
;          |lpm_mux:$00000|            ; 20 (0)              ; 0 (0)                     ; 0           ; 0            ; 0       ; 0         ; 0    ; 0            ; |regfile|mux8to1:inst10|busmux:inst9|lpm_mux:$00000                        ; lpm_mux     ; work         ;
;             |mux_arc:auto_generated| ; 20 (20)             ; 0 (0)                     ; 0           ; 0            ; 0       ; 0         ; 0    ; 0            ; |regfile|mux8to1:inst10|busmux:inst9|lpm_mux:$00000|mux_arc:auto_generated ; mux_arc     ; work         ;
;    |mux8to1:inst9|                   ; 20 (0)              ; 0 (0)                     ; 0           ; 0            ; 0       ; 0         ; 0    ; 0            ; |regfile|mux8to1:inst9                                                     ; mux8to1     ; work         ;
;       |busmux:inst9|                 ; 20 (0)              ; 0 (0)                     ; 0           ; 0            ; 0       ; 0         ; 0    ; 0            ; |regfile|mux8to1:inst9|busmux:inst9                                        ; busmux      ; work         ;
;          |lpm_mux:$00000|            ; 20 (0)              ; 0 (0)                     ; 0           ; 0            ; 0       ; 0         ; 0    ; 0            ; |regfile|mux8to1:inst9|busmux:inst9|lpm_mux:$00000                         ; lpm_mux     ; work         ;
;             |mux_arc:auto_generated| ; 20 (20)             ; 0 (0)                     ; 0           ; 0            ; 0       ; 0         ; 0    ; 0            ; |regfile|mux8to1:inst9|busmux:inst9|lpm_mux:$00000|mux_arc:auto_generated  ; mux_arc     ; work         ;
;    |reg4b:inst1|                     ; 0 (0)               ; 4 (0)                     ; 0           ; 0            ; 0       ; 0         ; 0    ; 0            ; |regfile|reg4b:inst1                                                       ; reg4b       ; work         ;
;       |register:inst1|               ; 0 (0)               ; 1 (1)                     ; 0           ; 0            ; 0       ; 0         ; 0    ; 0            ; |regfile|reg4b:inst1|register:inst1                                        ; register    ; work         ;
;       |register:inst2|               ; 0 (0)               ; 1 (1)                     ; 0           ; 0            ; 0       ; 0         ; 0    ; 0            ; |regfile|reg4b:inst1|register:inst2                                        ; register    ; work         ;
;       |register:inst3|               ; 0 (0)               ; 1 (1)                     ; 0           ; 0            ; 0       ; 0         ; 0    ; 0            ; |regfile|reg4b:inst1|register:inst3                                        ; register    ; work         ;
;       |register:inst|                ; 0 (0)               ; 1 (1)                     ; 0           ; 0            ; 0       ; 0         ; 0    ; 0            ; |regfile|reg4b:inst1|register:inst                                         ; register    ; work         ;
;    |reg4b:inst2|                     ; 0 (0)               ; 4 (0)                     ; 0           ; 0            ; 0       ; 0         ; 0    ; 0            ; |regfile|reg4b:inst2                                                       ; reg4b       ; work         ;
;       |register:inst1|               ; 0 (0)               ; 1 (1)                     ; 0           ; 0            ; 0       ; 0         ; 0    ; 0            ; |regfile|reg4b:inst2|register:inst1                                        ; register    ; work         ;
;       |register:inst2|               ; 0 (0)               ; 1 (1)                     ; 0           ; 0            ; 0       ; 0         ; 0    ; 0            ; |regfile|reg4b:inst2|register:inst2                                        ; register    ; work         ;
;       |register:inst3|               ; 0 (0)               ; 1 (1)                     ; 0           ; 0            ; 0       ; 0         ; 0    ; 0            ; |regfile|reg4b:inst2|register:inst3                                        ; register    ; work         ;
;       |register:inst|                ; 0 (0)               ; 1 (1)                     ; 0           ; 0            ; 0       ; 0         ; 0    ; 0            ; |regfile|reg4b:inst2|register:inst                                         ; register    ; work         ;
;    |reg4b:inst3|                     ; 0 (0)               ; 4 (0)                     ; 0           ; 0            ; 0       ; 0         ; 0    ; 0            ; |regfile|reg4b:inst3                                                       ; reg4b       ; work         ;
;       |register:inst1|               ; 0 (0)               ; 1 (1)                     ; 0           ; 0            ; 0       ; 0         ; 0    ; 0            ; |regfile|reg4b:inst3|register:inst1                                        ; register    ; work         ;
;       |register:inst2|               ; 0 (0)               ; 1 (1)                     ; 0           ; 0            ; 0       ; 0         ; 0    ; 0            ; |regfile|reg4b:inst3|register:inst2                                        ; register    ; work         ;
;       |register:inst3|               ; 0 (0)               ; 1 (1)                     ; 0           ; 0            ; 0       ; 0         ; 0    ; 0            ; |regfile|reg4b:inst3|register:inst3                                        ; register    ; work         ;
;       |register:inst|                ; 0 (0)               ; 1 (1)                     ; 0           ; 0            ; 0       ; 0         ; 0    ; 0            ; |regfile|reg4b:inst3|register:inst                                         ; register    ; work         ;
;    |reg4b:inst4|                     ; 0 (0)               ; 4 (0)                     ; 0           ; 0            ; 0       ; 0         ; 0    ; 0            ; |regfile|reg4b:inst4                                                       ; reg4b       ; work         ;
;       |register:inst1|               ; 0 (0)               ; 1 (1)                     ; 0           ; 0            ; 0       ; 0         ; 0    ; 0            ; |regfile|reg4b:inst4|register:inst1                                        ; register    ; work         ;
;       |register:inst2|               ; 0 (0)               ; 1 (1)                     ; 0           ; 0            ; 0       ; 0         ; 0    ; 0            ; |regfile|reg4b:inst4|register:inst2                                        ; register    ; work         ;
;       |register:inst3|               ; 0 (0)               ; 1 (1)                     ; 0           ; 0            ; 0       ; 0         ; 0    ; 0            ; |regfile|reg4b:inst4|register:inst3                                        ; register    ; work         ;
;       |register:inst|                ; 0 (0)               ; 1 (1)                     ; 0           ; 0            ; 0       ; 0         ; 0    ; 0            ; |regfile|reg4b:inst4|register:inst                                         ; register    ; work         ;
;    |reg4b:inst5|                     ; 0 (0)               ; 4 (0)                     ; 0           ; 0            ; 0       ; 0         ; 0    ; 0            ; |regfile|reg4b:inst5                                                       ; reg4b       ; work         ;
;       |register:inst1|               ; 0 (0)               ; 1 (1)                     ; 0           ; 0            ; 0       ; 0         ; 0    ; 0            ; |regfile|reg4b:inst5|register:inst1                                        ; register    ; work         ;
;       |register:inst2|               ; 0 (0)               ; 1 (1)                     ; 0           ; 0            ; 0       ; 0         ; 0    ; 0            ; |regfile|reg4b:inst5|register:inst2                                        ; register    ; work         ;
;       |register:inst3|               ; 0 (0)               ; 1 (1)                     ; 0           ; 0            ; 0       ; 0         ; 0    ; 0            ; |regfile|reg4b:inst5|register:inst3                                        ; register    ; work         ;
;       |register:inst|                ; 0 (0)               ; 1 (1)                     ; 0           ; 0            ; 0       ; 0         ; 0    ; 0            ; |regfile|reg4b:inst5|register:inst                                         ; register    ; work         ;
;    |reg4b:inst6|                     ; 0 (0)               ; 4 (0)                     ; 0           ; 0            ; 0       ; 0         ; 0    ; 0            ; |regfile|reg4b:inst6                                                       ; reg4b       ; work         ;
;       |register:inst1|               ; 0 (0)               ; 1 (1)                     ; 0           ; 0            ; 0       ; 0         ; 0    ; 0            ; |regfile|reg4b:inst6|register:inst1                                        ; register    ; work         ;
;       |register:inst2|               ; 0 (0)               ; 1 (1)                     ; 0           ; 0            ; 0       ; 0         ; 0    ; 0            ; |regfile|reg4b:inst6|register:inst2                                        ; register    ; work         ;
;       |register:inst3|               ; 0 (0)               ; 1 (1)                     ; 0           ; 0            ; 0       ; 0         ; 0    ; 0            ; |regfile|reg4b:inst6|register:inst3                                        ; register    ; work         ;
;       |register:inst|                ; 0 (0)               ; 1 (1)                     ; 0           ; 0            ; 0       ; 0         ; 0    ; 0            ; |regfile|reg4b:inst6|register:inst                                         ; register    ; work         ;
;    |reg4b:inst7|                     ; 0 (0)               ; 4 (0)                     ; 0           ; 0            ; 0       ; 0         ; 0    ; 0            ; |regfile|reg4b:inst7                                                       ; reg4b       ; work         ;
;       |register:inst1|               ; 0 (0)               ; 1 (1)                     ; 0           ; 0            ; 0       ; 0         ; 0    ; 0            ; |regfile|reg4b:inst7|register:inst1                                        ; register    ; work         ;
;       |register:inst2|               ; 0 (0)               ; 1 (1)                     ; 0           ; 0            ; 0       ; 0         ; 0    ; 0            ; |regfile|reg4b:inst7|register:inst2                                        ; register    ; work         ;
;       |register:inst3|               ; 0 (0)               ; 1 (1)                     ; 0           ; 0            ; 0       ; 0         ; 0    ; 0            ; |regfile|reg4b:inst7|register:inst3                                        ; register    ; work         ;
;       |register:inst|                ; 0 (0)               ; 1 (1)                     ; 0           ; 0            ; 0       ; 0         ; 0    ; 0            ; |regfile|reg4b:inst7|register:inst                                         ; register    ; work         ;
;    |reg4b:inst|                      ; 0 (0)               ; 4 (0)                     ; 0           ; 0            ; 0       ; 0         ; 0    ; 0            ; |regfile|reg4b:inst                                                        ; reg4b       ; work         ;
;       |register:inst1|               ; 0 (0)               ; 1 (1)                     ; 0           ; 0            ; 0       ; 0         ; 0    ; 0            ; |regfile|reg4b:inst|register:inst1                                         ; register    ; work         ;
;       |register:inst2|               ; 0 (0)               ; 1 (1)                     ; 0           ; 0            ; 0       ; 0         ; 0    ; 0            ; |regfile|reg4b:inst|register:inst2                                         ; register    ; work         ;
;       |register:inst3|               ; 0 (0)               ; 1 (1)                     ; 0           ; 0            ; 0       ; 0         ; 0    ; 0            ; |regfile|reg4b:inst|register:inst3                                         ; register    ; work         ;
;       |register:inst|                ; 0 (0)               ; 1 (1)                     ; 0           ; 0            ; 0       ; 0         ; 0    ; 0            ; |regfile|reg4b:inst|register:inst                                          ; register    ; work         ;
+--------------------------------------+---------------------+---------------------------+-------------+--------------+---------+-----------+------+--------------+----------------------------------------------------------------------------+-------------+--------------+
Note: For table entries with two numbers listed, the numbers in parentheses indicate the number of resources of the given type used by the specific entity alone. The numbers listed outside of parentheses indicate the total resources of the given type used by the specific entity and all of its sub-entities in the hierarchy.


+------------------------------------------------------+
; General Register Statistics                          ;
+----------------------------------------------+-------+
; Statistic                                    ; Value ;
+----------------------------------------------+-------+
; Total registers                              ; 32    ;
; Number of registers using Synchronous Clear  ; 0     ;
; Number of registers using Synchronous Load   ; 0     ;
; Number of registers using Asynchronous Clear ; 32    ;
; Number of registers using Asynchronous Load  ; 0     ;
; Number of registers using Clock Enable       ; 32    ;
; Number of registers using Preset             ; 0     ;
+----------------------------------------------+-------+


+---------------------------------------------------------------------------------------------------------------------------------------------------------------------------------------------------------+
; Multiplexer Restructuring Statistics (Restructuring Performed)                                                                                                                                          ;
+--------------------+-----------+---------------+----------------------+------------------------+------------+-------------------------------------------------------------------------------------------+
; Multiplexer Inputs ; Bus Width ; Baseline Area ; Area if Restructured ; Saving if Restructured ; Registered ; Example Multiplexer Output                                                                ;
+--------------------+-----------+---------------+----------------------+------------------------+------------+-------------------------------------------------------------------------------------------+
; 8:1                ; 4 bits    ; 20 LEs        ; 20 LEs               ; 0 LEs                  ; No         ; |regfile|mux8to1:inst9|busmux:inst9|lpm_mux:$00000|mux_arc:auto_generated|result_node[0]  ;
; 8:1                ; 4 bits    ; 20 LEs        ; 20 LEs               ; 0 LEs                  ; No         ; |regfile|mux8to1:inst10|busmux:inst9|lpm_mux:$00000|mux_arc:auto_generated|result_node[3] ;
+--------------------+-----------+---------------+----------------------+------------------------+------------+-------------------------------------------------------------------------------------------+


+-------------------------------------------------------------------------+
; Parameter Settings for User Entity Instance: mux8to1:inst9|BUSMUX:inst9 ;
+----------------+-------+------------------------------------------------+
; Parameter Name ; Value ; Type                                           ;
+----------------+-------+------------------------------------------------+
; WIDTH          ; 4     ; Untyped                                        ;
+----------------+-------+------------------------------------------------+
Note: In order to hide this table in the UI and the text report file, please set the "Show Parameter Settings in Synthesis Report" option in "Analysis and Synthesis Settings -> More Settings" to "Off".


+-------------------------------------------------------------------------+
; Parameter Settings for User Entity Instance: mux8to1:inst9|BUSMUX:inst8 ;
+----------------+-------+------------------------------------------------+
; Parameter Name ; Value ; Type                                           ;
+----------------+-------+------------------------------------------------+
; WIDTH          ; 4     ; Untyped                                        ;
+----------------+-------+------------------------------------------------+
Note: In order to hide this table in the UI and the text report file, please set the "Show Parameter Settings in Synthesis Report" option in "Analysis and Synthesis Settings -> More Settings" to "Off".


+-------------------------------------------------------------------------+
; Parameter Settings for User Entity Instance: mux8to1:inst9|BUSMUX:inst6 ;
+----------------+-------+------------------------------------------------+
; Parameter Name ; Value ; Type                                           ;
+----------------+-------+------------------------------------------------+
; WIDTH          ; 4     ; Untyped                                        ;
+----------------+-------+------------------------------------------------+
Note: In order to hide this table in the UI and the text report file, please set the "Show Parameter Settings in Synthesis Report" option in "Analysis and Synthesis Settings -> More Settings" to "Off".


+-------------------------------------------------------------------------+
; Parameter Settings for User Entity Instance: mux8to1:inst9|BUSMUX:inst5 ;
+----------------+-------+------------------------------------------------+
; Parameter Name ; Value ; Type                                           ;
+----------------+-------+------------------------------------------------+
; WIDTH          ; 4     ; Untyped                                        ;
+----------------+-------+------------------------------------------------+
Note: In order to hide this table in the UI and the text report file, please set the "Show Parameter Settings in Synthesis Report" option in "Analysis and Synthesis Settings -> More Settings" to "Off".


+-------------------------------------------------------------------------+
; Parameter Settings for User Entity Instance: mux8to1:inst9|BUSMUX:inst7 ;
+----------------+-------+------------------------------------------------+
; Parameter Name ; Value ; Type                                           ;
+----------------+-------+------------------------------------------------+
; WIDTH          ; 4     ; Untyped                                        ;
+----------------+-------+------------------------------------------------+
Note: In order to hide this table in the UI and the text report file, please set the "Show Parameter Settings in Synthesis Report" option in "Analysis and Synthesis Settings -> More Settings" to "Off".


+-------------------------------------------------------------------------+
; Parameter Settings for User Entity Instance: mux8to1:inst9|BUSMUX:inst4 ;
+----------------+-------+------------------------------------------------+
; Parameter Name ; Value ; Type                                           ;
+----------------+-------+------------------------------------------------+
; WIDTH          ; 4     ; Untyped                                        ;
+----------------+-------+------------------------------------------------+
Note: In order to hide this table in the UI and the text report file, please set the "Show Parameter Settings in Synthesis Report" option in "Analysis and Synthesis Settings -> More Settings" to "Off".


+------------------------------------------------------------------------+
; Parameter Settings for User Entity Instance: mux8to1:inst9|BUSMUX:inst ;
+----------------+-------+-----------------------------------------------+
; Parameter Name ; Value ; Type                                          ;
+----------------+-------+-----------------------------------------------+
; WIDTH          ; 4     ; Untyped                                       ;
+----------------+-------+-----------------------------------------------+
Note: In order to hide this table in the UI and the text report file, please set the "Show Parameter Settings in Synthesis Report" option in "Analysis and Synthesis Settings -> More Settings" to "Off".


+--------------------------------------------------------------------------------------+
; Parameter Settings for User Entity Instance: reg4b:inst7|register:inst3|BUSMUX:inst3 ;
+----------------+-------+-------------------------------------------------------------+
; Parameter Name ; Value ; Type                                                        ;
+----------------+-------+-------------------------------------------------------------+
; WIDTH          ; 1     ; Untyped                                                     ;
+----------------+-------+-------------------------------------------------------------+
Note: In order to hide this table in the UI and the text report file, please set the "Show Parameter Settings in Synthesis Report" option in "Analysis and Synthesis Settings -> More Settings" to "Off".


+--------------------------------------------------------------------------------------+
; Parameter Settings for User Entity Instance: reg4b:inst7|register:inst2|BUSMUX:inst3 ;
+----------------+-------+-------------------------------------------------------------+
; Parameter Name ; Value ; Type                                                        ;
+----------------+-------+-------------------------------------------------------------+
; WIDTH          ; 1     ; Untyped                                                     ;
+----------------+-------+-------------------------------------------------------------+
Note: In order to hide this table in the UI and the text report file, please set the "Show Parameter Settings in Synthesis Report" option in "Analysis and Synthesis Settings -> More Settings" to "Off".


+--------------------------------------------------------------------------------------+
; Parameter Settings for User Entity Instance: reg4b:inst7|register:inst1|BUSMUX:inst3 ;
+----------------+-------+-------------------------------------------------------------+
; Parameter Name ; Value ; Type                                                        ;
+----------------+-------+-------------------------------------------------------------+
; WIDTH          ; 1     ; Untyped                                                     ;
+----------------+-------+-------------------------------------------------------------+
Note: In order to hide this table in the UI and the text report file, please set the "Show Parameter Settings in Synthesis Report" option in "Analysis and Synthesis Settings -> More Settings" to "Off".


+-------------------------------------------------------------------------------------+
; Parameter Settings for User Entity Instance: reg4b:inst7|register:inst|BUSMUX:inst3 ;
+----------------+-------+------------------------------------------------------------+
; Parameter Name ; Value ; Type                                                       ;
+----------------+-------+------------------------------------------------------------+
; WIDTH          ; 1     ; Untyped                                                    ;
+----------------+-------+------------------------------------------------------------+
Note: In order to hide this table in the UI and the text report file, please set the "Show Parameter Settings in Synthesis Report" option in "Analysis and Synthesis Settings -> More Settings" to "Off".


+--------------------------------------------------------------------------------------+
; Parameter Settings for User Entity Instance: reg4b:inst6|register:inst3|BUSMUX:inst3 ;
+----------------+-------+-------------------------------------------------------------+
; Parameter Name ; Value ; Type                                                        ;
+----------------+-------+-------------------------------------------------------------+
; WIDTH          ; 1     ; Untyped                                                     ;
+----------------+-------+-------------------------------------------------------------+
Note: In order to hide this table in the UI and the text report file, please set the "Show Parameter Settings in Synthesis Report" option in "Analysis and Synthesis Settings -> More Settings" to "Off".


+--------------------------------------------------------------------------------------+
; Parameter Settings for User Entity Instance: reg4b:inst6|register:inst2|BUSMUX:inst3 ;
+----------------+-------+-------------------------------------------------------------+
; Parameter Name ; Value ; Type                                                        ;
+----------------+-------+-------------------------------------------------------------+
; WIDTH          ; 1     ; Untyped                                                     ;
+----------------+-------+-------------------------------------------------------------+
Note: In order to hide this table in the UI and the text report file, please set the "Show Parameter Settings in Synthesis Report" option in "Analysis and Synthesis Settings -> More Settings" to "Off".


+--------------------------------------------------------------------------------------+
; Parameter Settings for User Entity Instance: reg4b:inst6|register:inst1|BUSMUX:inst3 ;
+----------------+-------+-------------------------------------------------------------+
; Parameter Name ; Value ; Type                                                        ;
+----------------+-------+-------------------------------------------------------------+
; WIDTH          ; 1     ; Untyped                                                     ;
+----------------+-------+-------------------------------------------------------------+
Note: In order to hide this table in the UI and the text report file, please set the "Show Parameter Settings in Synthesis Report" option in "Analysis and Synthesis Settings -> More Settings" to "Off".


+-------------------------------------------------------------------------------------+
; Parameter Settings for User Entity Instance: reg4b:inst6|register:inst|BUSMUX:inst3 ;
+----------------+-------+------------------------------------------------------------+
; Parameter Name ; Value ; Type                                                       ;
+----------------+-------+------------------------------------------------------------+
; WIDTH          ; 1     ; Untyped                                                    ;
+----------------+-------+------------------------------------------------------------+
Note: In order to hide this table in the UI and the text report file, please set the "Show Parameter Settings in Synthesis Report" option in "Analysis and Synthesis Settings -> More Settings" to "Off".


+--------------------------------------------------------------------------------------+
; Parameter Settings for User Entity Instance: reg4b:inst5|register:inst3|BUSMUX:inst3 ;
+----------------+-------+-------------------------------------------------------------+
; Parameter Name ; Value ; Type                                                        ;
+----------------+-------+-------------------------------------------------------------+
; WIDTH          ; 1     ; Untyped                                                     ;
+----------------+-------+-------------------------------------------------------------+
Note: In order to hide this table in the UI and the text report file, please set the "Show Parameter Settings in Synthesis Report" option in "Analysis and Synthesis Settings -> More Settings" to "Off".


+--------------------------------------------------------------------------------------+
; Parameter Settings for User Entity Instance: reg4b:inst5|register:inst2|BUSMUX:inst3 ;
+----------------+-------+-------------------------------------------------------------+
; Parameter Name ; Value ; Type                                                        ;
+----------------+-------+-------------------------------------------------------------+
; WIDTH          ; 1     ; Untyped                                                     ;
+----------------+-------+-------------------------------------------------------------+
Note: In order to hide this table in the UI and the text report file, please set the "Show Parameter Settings in Synthesis Report" option in "Analysis and Synthesis Settings -> More Settings" to "Off".


+--------------------------------------------------------------------------------------+
; Parameter Settings for User Entity Instance: reg4b:inst5|register:inst1|BUSMUX:inst3 ;
+----------------+-------+-------------------------------------------------------------+
; Parameter Name ; Value ; Type                                                        ;
+----------------+-------+-------------------------------------------------------------+
; WIDTH          ; 1     ; Untyped                                                     ;
+----------------+-------+-------------------------------------------------------------+
Note: In order to hide this table in the UI and the text report file, please set the "Show Parameter Settings in Synthesis Report" option in "Analysis and Synthesis Settings -> More Settings" to "Off".


+-------------------------------------------------------------------------------------+
; Parameter Settings for User Entity Instance: reg4b:inst5|register:inst|BUSMUX:inst3 ;
+----------------+-------+------------------------------------------------------------+
; Parameter Name ; Value ; Type                                                       ;
+----------------+-------+------------------------------------------------------------+
; WIDTH          ; 1     ; Untyped                                                    ;
+----------------+-------+------------------------------------------------------------+
Note: In order to hide this table in the UI and the text report file, please set the "Show Parameter Settings in Synthesis Report" option in "Analysis and Synthesis Settings -> More Settings" to "Off".


+--------------------------------------------------------------------------------------+
; Parameter Settings for User Entity Instance: reg4b:inst4|register:inst3|BUSMUX:inst3 ;
+----------------+-------+-------------------------------------------------------------+
; Parameter Name ; Value ; Type                                                        ;
+----------------+-------+-------------------------------------------------------------+
; WIDTH          ; 1     ; Untyped                                                     ;
+----------------+-------+-------------------------------------------------------------+
Note: In order to hide this table in the UI and the text report file, please set the "Show Parameter Settings in Synthesis Report" option in "Analysis and Synthesis Settings -> More Settings" to "Off".


+--------------------------------------------------------------------------------------+
; Parameter Settings for User Entity Instance: reg4b:inst4|register:inst2|BUSMUX:inst3 ;
+----------------+-------+-------------------------------------------------------------+
; Parameter Name ; Value ; Type                                                        ;
+----------------+-------+-------------------------------------------------------------+
; WIDTH          ; 1     ; Untyped                                                     ;
+----------------+-------+-------------------------------------------------------------+
Note: In order to hide this table in the UI and the text report file, please set the "Show Parameter Settings in Synthesis Report" option in "Analysis and Synthesis Settings -> More Settings" to "Off".


+--------------------------------------------------------------------------------------+
; Parameter Settings for User Entity Instance: reg4b:inst4|register:inst1|BUSMUX:inst3 ;
+----------------+-------+-------------------------------------------------------------+
; Parameter Name ; Value ; Type                                                        ;
+----------------+-------+-------------------------------------------------------------+
; WIDTH          ; 1     ; Untyped                                                     ;
+----------------+-------+-------------------------------------------------------------+
Note: In order to hide this table in the UI and the text report file, please set the "Show Parameter Settings in Synthesis Report" option in "Analysis and Synthesis Settings -> More Settings" to "Off".


+-------------------------------------------------------------------------------------+
; Parameter Settings for User Entity Instance: reg4b:inst4|register:inst|BUSMUX:inst3 ;
+----------------+-------+------------------------------------------------------------+
; Parameter Name ; Value ; Type                                                       ;
+----------------+-------+------------------------------------------------------------+
; WIDTH          ; 1     ; Untyped                                                    ;
+----------------+-------+------------------------------------------------------------+
Note: In order to hide this table in the UI and the text report file, please set the "Show Parameter Settings in Synthesis Report" option in "Analysis and Synthesis Settings -> More Settings" to "Off".


+--------------------------------------------------------------------------------------+
; Parameter Settings for User Entity Instance: reg4b:inst3|register:inst3|BUSMUX:inst3 ;
+----------------+-------+-------------------------------------------------------------+
; Parameter Name ; Value ; Type                                                        ;
+----------------+-------+-------------------------------------------------------------+
; WIDTH          ; 1     ; Untyped                                                     ;
+----------------+-------+-------------------------------------------------------------+
Note: In order to hide this table in the UI and the text report file, please set the "Show Parameter Settings in Synthesis Report" option in "Analysis and Synthesis Settings -> More Settings" to "Off".


+--------------------------------------------------------------------------------------+
; Parameter Settings for User Entity Instance: reg4b:inst3|register:inst2|BUSMUX:inst3 ;
+----------------+-------+-------------------------------------------------------------+
; Parameter Name ; Value ; Type                                                        ;
+----------------+-------+-------------------------------------------------------------+
; WIDTH          ; 1     ; Untyped                                                     ;
+----------------+-------+-------------------------------------------------------------+
Note: In order to hide this table in the UI and the text report file, please set the "Show Parameter Settings in Synthesis Report" option in "Analysis and Synthesis Settings -> More Settings" to "Off".


+--------------------------------------------------------------------------------------+
; Parameter Settings for User Entity Instance: reg4b:inst3|register:inst1|BUSMUX:inst3 ;
+----------------+-------+-------------------------------------------------------------+
; Parameter Name ; Value ; Type                                                        ;
+----------------+-------+-------------------------------------------------------------+
; WIDTH          ; 1     ; Untyped                                                     ;
+----------------+-------+-------------------------------------------------------------+
Note: In order to hide this table in the UI and the text report file, please set the "Show Parameter Settings in Synthesis Report" option in "Analysis and Synthesis Settings -> More Settings" to "Off".


+-------------------------------------------------------------------------------------+
; Parameter Settings for User Entity Instance: reg4b:inst3|register:inst|BUSMUX:inst3 ;
+----------------+-------+------------------------------------------------------------+
; Parameter Name ; Value ; Type                                                       ;
+----------------+-------+------------------------------------------------------------+
; WIDTH          ; 1     ; Untyped                                                    ;
+----------------+-------+------------------------------------------------------------+
Note: In order to hide this table in the UI and the text report file, please set the "Show Parameter Settings in Synthesis Report" option in "Analysis and Synthesis Settings -> More Settings" to "Off".


+--------------------------------------------------------------------------------------+
; Parameter Settings for User Entity Instance: reg4b:inst2|register:inst3|BUSMUX:inst3 ;
+----------------+-------+-------------------------------------------------------------+
; Parameter Name ; Value ; Type                                                        ;
+----------------+-------+-------------------------------------------------------------+
; WIDTH          ; 1     ; Untyped                                                     ;
+----------------+-------+-------------------------------------------------------------+
Note: In order to hide this table in the UI and the text report file, please set the "Show Parameter Settings in Synthesis Report" option in "Analysis and Synthesis Settings -> More Settings" to "Off".


+--------------------------------------------------------------------------------------+
; Parameter Settings for User Entity Instance: reg4b:inst2|register:inst2|BUSMUX:inst3 ;
+----------------+-------+-------------------------------------------------------------+
; Parameter Name ; Value ; Type                                                        ;
+----------------+-------+-------------------------------------------------------------+
; WIDTH          ; 1     ; Untyped                                                     ;
+----------------+-------+-------------------------------------------------------------+
Note: In order to hide this table in the UI and the text report file, please set the "Show Parameter Settings in Synthesis Report" option in "Analysis and Synthesis Settings -> More Settings" to "Off".


+--------------------------------------------------------------------------------------+
; Parameter Settings for User Entity Instance: reg4b:inst2|register:inst1|BUSMUX:inst3 ;
+----------------+-------+-------------------------------------------------------------+
; Parameter Name ; Value ; Type                                                        ;
+----------------+-------+-------------------------------------------------------------+
; WIDTH          ; 1     ; Untyped                                                     ;
+----------------+-------+-------------------------------------------------------------+
Note: In order to hide this table in the UI and the text report file, please set the "Show Parameter Settings in Synthesis Report" option in "Analysis and Synthesis Settings -> More Settings" to "Off".


+-------------------------------------------------------------------------------------+
; Parameter Settings for User Entity Instance: reg4b:inst2|register:inst|BUSMUX:inst3 ;
+----------------+-------+------------------------------------------------------------+
; Parameter Name ; Value ; Type                                                       ;
+----------------+-------+------------------------------------------------------------+
; WIDTH          ; 1     ; Untyped                                                    ;
+----------------+-------+------------------------------------------------------------+
Note: In order to hide this table in the UI and the text report file, please set the "Show Parameter Settings in Synthesis Report" option in "Analysis and Synthesis Settings -> More Settings" to "Off".


+--------------------------------------------------------------------------------------+
; Parameter Settings for User Entity Instance: reg4b:inst1|register:inst3|BUSMUX:inst3 ;
+----------------+-------+-------------------------------------------------------------+
; Parameter Name ; Value ; Type                                                        ;
+----------------+-------+-------------------------------------------------------------+
; WIDTH          ; 1     ; Untyped                                                     ;
+----------------+-------+-------------------------------------------------------------+
Note: In order to hide this table in the UI and the text report file, please set the "Show Parameter Settings in Synthesis Report" option in "Analysis and Synthesis Settings -> More Settings" to "Off".


+--------------------------------------------------------------------------------------+
; Parameter Settings for User Entity Instance: reg4b:inst1|register:inst2|BUSMUX:inst3 ;
+----------------+-------+-------------------------------------------------------------+
; Parameter Name ; Value ; Type                                                        ;
+----------------+-------+-------------------------------------------------------------+
; WIDTH          ; 1     ; Untyped                                                     ;
+----------------+-------+-------------------------------------------------------------+
Note: In order to hide this table in the UI and the text report file, please set the "Show Parameter Settings in Synthesis Report" option in "Analysis and Synthesis Settings -> More Settings" to "Off".


+--------------------------------------------------------------------------------------+
; Parameter Settings for User Entity Instance: reg4b:inst1|register:inst1|BUSMUX:inst3 ;
+----------------+-------+-------------------------------------------------------------+
; Parameter Name ; Value ; Type                                                        ;
+----------------+-------+-------------------------------------------------------------+
; WIDTH          ; 1     ; Untyped                                                     ;
+----------------+-------+-------------------------------------------------------------+
Note: In order to hide this table in the UI and the text report file, please set the "Show Parameter Settings in Synthesis Report" option in "Analysis and Synthesis Settings -> More Settings" to "Off".


+-------------------------------------------------------------------------------------+
; Parameter Settings for User Entity Instance: reg4b:inst1|register:inst|BUSMUX:inst3 ;
+----------------+-------+------------------------------------------------------------+
; Parameter Name ; Value ; Type                                                       ;
+----------------+-------+------------------------------------------------------------+
; WIDTH          ; 1     ; Untyped                                                    ;
+----------------+-------+------------------------------------------------------------+
Note: In order to hide this table in the UI and the text report file, please set the "Show Parameter Settings in Synthesis Report" option in "Analysis and Synthesis Settings -> More Settings" to "Off".


+-------------------------------------------------------------------------------------+
; Parameter Settings for User Entity Instance: reg4b:inst|register:inst3|BUSMUX:inst3 ;
+----------------+-------+------------------------------------------------------------+
; Parameter Name ; Value ; Type                                                       ;
+----------------+-------+------------------------------------------------------------+
; WIDTH          ; 1     ; Untyped                                                    ;
+----------------+-------+------------------------------------------------------------+
Note: In order to hide this table in the UI and the text report file, please set the "Show Parameter Settings in Synthesis Report" option in "Analysis and Synthesis Settings -> More Settings" to "Off".


+-------------------------------------------------------------------------------------+
; Parameter Settings for User Entity Instance: reg4b:inst|register:inst2|BUSMUX:inst3 ;
+----------------+-------+------------------------------------------------------------+
; Parameter Name ; Value ; Type                                                       ;
+----------------+-------+------------------------------------------------------------+
; WIDTH          ; 1     ; Untyped                                                    ;
+----------------+-------+------------------------------------------------------------+
Note: In order to hide this table in the UI and the text report file, please set the "Show Parameter Settings in Synthesis Report" option in "Analysis and Synthesis Settings -> More Settings" to "Off".


+-------------------------------------------------------------------------------------+
; Parameter Settings for User Entity Instance: reg4b:inst|register:inst1|BUSMUX:inst3 ;
+----------------+-------+------------------------------------------------------------+
; Parameter Name ; Value ; Type                                                       ;
+----------------+-------+------------------------------------------------------------+
; WIDTH          ; 1     ; Untyped                                                    ;
+----------------+-------+------------------------------------------------------------+
Note: In order to hide this table in the UI and the text report file, please set the "Show Parameter Settings in Synthesis Report" option in "Analysis and Synthesis Settings -> More Settings" to "Off".


+------------------------------------------------------------------------------------+
; Parameter Settings for User Entity Instance: reg4b:inst|register:inst|BUSMUX:inst3 ;
+----------------+-------+-----------------------------------------------------------+
; Parameter Name ; Value ; Type                                                      ;
+----------------+-------+-----------------------------------------------------------+
; WIDTH          ; 1     ; Untyped                                                   ;
+----------------+-------+-----------------------------------------------------------+
Note: In order to hide this table in the UI and the text report file, please set the "Show Parameter Settings in Synthesis Report" option in "Analysis and Synthesis Settings -> More Settings" to "Off".


+--------------------------------------------------------------------------+
; Parameter Settings for User Entity Instance: mux8to1:inst10|BUSMUX:inst9 ;
+----------------+-------+-------------------------------------------------+
; Parameter Name ; Value ; Type                                            ;
+----------------+-------+-------------------------------------------------+
; WIDTH          ; 4     ; Untyped                                         ;
+----------------+-------+-------------------------------------------------+
Note: In order to hide this table in the UI and the text report file, please set the "Show Parameter Settings in Synthesis Report" option in "Analysis and Synthesis Settings -> More Settings" to "Off".


+--------------------------------------------------------------------------+
; Parameter Settings for User Entity Instance: mux8to1:inst10|BUSMUX:inst8 ;
+----------------+-------+-------------------------------------------------+
; Parameter Name ; Value ; Type                                            ;
+----------------+-------+-------------------------------------------------+
; WIDTH          ; 4     ; Untyped                                         ;
+----------------+-------+-------------------------------------------------+
Note: In order to hide this table in the UI and the text report file, please set the "Show Parameter Settings in Synthesis Report" option in "Analysis and Synthesis Settings -> More Settings" to "Off".


+--------------------------------------------------------------------------+
; Parameter Settings for User Entity Instance: mux8to1:inst10|BUSMUX:inst6 ;
+----------------+-------+-------------------------------------------------+
; Parameter Name ; Value ; Type                                            ;
+----------------+-------+-------------------------------------------------+
; WIDTH          ; 4     ; Untyped                                         ;
+----------------+-------+-------------------------------------------------+
Note: In order to hide this table in the UI and the text report file, please set the "Show Parameter Settings in Synthesis Report" option in "Analysis and Synthesis Settings -> More Settings" to "Off".


+--------------------------------------------------------------------------+
; Parameter Settings for User Entity Instance: mux8to1:inst10|BUSMUX:inst5 ;
+----------------+-------+-------------------------------------------------+
; Parameter Name ; Value ; Type                                            ;
+----------------+-------+-------------------------------------------------+
; WIDTH          ; 4     ; Untyped                                         ;
+----------------+-------+-------------------------------------------------+
Note: In order to hide this table in the UI and the text report file, please set the "Show Parameter Settings in Synthesis Report" option in "Analysis and Synthesis Settings -> More Settings" to "Off".


+--------------------------------------------------------------------------+
; Parameter Settings for User Entity Instance: mux8to1:inst10|BUSMUX:inst7 ;
+----------------+-------+-------------------------------------------------+
; Parameter Name ; Value ; Type                                            ;
+----------------+-------+-------------------------------------------------+
; WIDTH          ; 4     ; Untyped                                         ;
+----------------+-------+-------------------------------------------------+
Note: In order to hide this table in the UI and the text report file, please set the "Show Parameter Settings in Synthesis Report" option in "Analysis and Synthesis Settings -> More Settings" to "Off".


+--------------------------------------------------------------------------+
; Parameter Settings for User Entity Instance: mux8to1:inst10|BUSMUX:inst4 ;
+----------------+-------+-------------------------------------------------+
; Parameter Name ; Value ; Type                                            ;
+----------------+-------+-------------------------------------------------+
; WIDTH          ; 4     ; Untyped                                         ;
+----------------+-------+-------------------------------------------------+
Note: In order to hide this table in the UI and the text report file, please set the "Show Parameter Settings in Synthesis Report" option in "Analysis and Synthesis Settings -> More Settings" to "Off".


+-------------------------------------------------------------------------+
; Parameter Settings for User Entity Instance: mux8to1:inst10|BUSMUX:inst ;
+----------------+-------+------------------------------------------------+
; Parameter Name ; Value ; Type                                           ;
+----------------+-------+------------------------------------------------+
; WIDTH          ; 4     ; Untyped                                        ;
+----------------+-------+------------------------------------------------+
Note: In order to hide this table in the UI and the text report file, please set the "Show Parameter Settings in Synthesis Report" option in "Analysis and Synthesis Settings -> More Settings" to "Off".


+-----------------------------------------------------+
; Post-Synthesis Netlist Statistics for Top Partition ;
+-----------------------+-----------------------------+
; Type                  ; Count                       ;
+-----------------------+-----------------------------+
; boundary_port         ; 24                          ;
; cycloneiii_ff         ; 32                          ;
;     ENA CLR           ; 32                          ;
; cycloneiii_lcell_comb ; 48                          ;
;     normal            ; 48                          ;
;         3 data inputs ; 8                           ;
;         4 data inputs ; 40                          ;
;                       ;                             ;
; Max LUT depth         ; 3.00                        ;
; Average LUT depth     ; 2.35                        ;
+-----------------------+-----------------------------+


+-------------------------------+
; Elapsed Time Per Partition    ;
+----------------+--------------+
; Partition Name ; Elapsed Time ;
+----------------+--------------+
; Top            ; 00:00:00     ;
+----------------+--------------+


+-------------------------------+
; Analysis & Synthesis Messages ;
+-------------------------------+
Info: *******************************************************************
Info: Running Quartus Prime Analysis & Synthesis
    Info: Version 20.1.1 Build 720 11/11/2020 SJ Standard Edition
    Info: Processing started: Thu Dec 02 08:14:07 2021
Info: Command: quartus_map --read_settings_files=on --write_settings_files=off regfile -c regfile
Warning (18236): Number of processors has not been specified which may cause overloading on shared machines.  Set the global assignment NUM_PARALLEL_PROCESSORS in your QSF to an appropriate value for best performance.
Info (20030): Parallel compilation is enabled and will use 8 of the 8 processors detected
Info (12021): Found 1 design units, including 1 entities, in source file regfile.bdf
    Info (12023): Found entity 1: regfile
Info (12127): Elaborating entity "regfile" for the top level hierarchy
Warning (12125): Using design file mux8to1.bdf, which is not specified as a design file for the current project, but contains definitions for 1 design units and 1 entities in project
    Info (12023): Found entity 1: mux8to1
Info (12128): Elaborating entity "mux8to1" for hierarchy "mux8to1:inst9"
Info (12128): Elaborating entity "BUSMUX" for hierarchy "mux8to1:inst9|BUSMUX:inst9"
Info (12130): Elaborated megafunction instantiation "mux8to1:inst9|BUSMUX:inst9"
Info (12133): Instantiated megafunction "mux8to1:inst9|BUSMUX:inst9" with the following parameter:
    Info (12134): Parameter "WIDTH" = "4"
Info (12128): Elaborating entity "lpm_mux" for hierarchy "mux8to1:inst9|BUSMUX:inst9|lpm_mux:$00000" File: c:/intelfpga/20.1/quartus/libraries/megafunctions/busmux.tdf Line: 44
Info (12131): Elaborated megafunction instantiation "mux8to1:inst9|BUSMUX:inst9|lpm_mux:$00000", which is child of megafunction instantiation "mux8to1:inst9|BUSMUX:inst9" File: c:/intelfpga/20.1/quartus/libraries/megafunctions/busmux.tdf Line: 44
Info (12021): Found 1 design units, including 1 entities, in source file db/mux_arc.tdf
    Info (12023): Found entity 1: mux_arc File: U:/CPRE281/lab12/lab12step3/db/mux_arc.tdf Line: 23
Info (12128): Elaborating entity "mux_arc" for hierarchy "mux8to1:inst9|BUSMUX:inst9|lpm_mux:$00000|mux_arc:auto_generated" File: c:/intelfpga/20.1/quartus/libraries/megafunctions/lpm_mux.tdf Line: 87
Warning (12125): Using design file reg4b.bdf, which is not specified as a design file for the current project, but contains definitions for 1 design units and 1 entities in project
    Info (12023): Found entity 1: reg4b
Info (12128): Elaborating entity "reg4b" for hierarchy "reg4b:inst7"
Warning (12125): Using design file register.bdf, which is not specified as a design file for the current project, but contains definitions for 1 design units and 1 entities in project
    Info (12023): Found entity 1: register
Info (12128): Elaborating entity "register" for hierarchy "reg4b:inst7|register:inst3"
Info (12128): Elaborating entity "BUSMUX" for hierarchy "reg4b:inst7|register:inst3|BUSMUX:inst3"
Info (12130): Elaborated megafunction instantiation "reg4b:inst7|register:inst3|BUSMUX:inst3"
Info (12133): Instantiated megafunction "reg4b:inst7|register:inst3|BUSMUX:inst3" with the following parameter:
    Info (12134): Parameter "WIDTH" = "1"
Info (12128): Elaborating entity "lpm_mux" for hierarchy "reg4b:inst7|register:inst3|BUSMUX:inst3|lpm_mux:$00000" File: c:/intelfpga/20.1/quartus/libraries/megafunctions/busmux.tdf Line: 44
Info (12131): Elaborated megafunction instantiation "reg4b:inst7|register:inst3|BUSMUX:inst3|lpm_mux:$00000", which is child of megafunction instantiation "reg4b:inst7|register:inst3|BUSMUX:inst3" File: c:/intelfpga/20.1/quartus/libraries/megafunctions/busmux.tdf Line: 44
Info (12021): Found 1 design units, including 1 entities, in source file db/mux_7rc.tdf
    Info (12023): Found entity 1: mux_7rc File: U:/CPRE281/lab12/lab12step3/db/mux_7rc.tdf Line: 23
Info (12128): Elaborating entity "mux_7rc" for hierarchy "reg4b:inst7|register:inst3|BUSMUX:inst3|lpm_mux:$00000|mux_7rc:auto_generated" File: c:/intelfpga/20.1/quartus/libraries/megafunctions/lpm_mux.tdf Line: 87
Warning (12125): Using design file dec3to8.bdf, which is not specified as a design file for the current project, but contains definitions for 1 design units and 1 entities in project
    Info (12023): Found entity 1: dec3to8
Info (12128): Elaborating entity "dec3to8" for hierarchy "dec3to8:inst8"
Info (286030): Timing-Driven Synthesis is running
Info (16010): Generating hard_block partition "hard_block:auto_generated_inst"
    Info (16011): Adding 0 node(s), including 0 DDIO, 0 PLL, 0 transceiver and 0 LCELL
Info (21057): Implemented 104 device resources after synthesis - the final resource count might be different
    Info (21058): Implemented 16 input pins
    Info (21059): Implemented 8 output pins
    Info (21061): Implemented 80 logic cells
Info: Quartus Prime Analysis & Synthesis was successful. 0 errors, 5 warnings
    Info: Peak virtual memory: 4786 megabytes
    Info: Processing ended: Thu Dec 02 08:14:16 2021
    Info: Elapsed time: 00:00:09
    Info: Total CPU time (on all processors): 00:00:15


